2022-06-24 12:17:24,796 :INFO :test_e2e :Customer's login info
2022-06-24 12:17:25,177 :INFO :test_e2e :Sauce Labs Backpack
2022-06-24 12:17:25,267 :INFO :test_e2e :Sauce Labs Bike Light
2022-06-24 12:17:25,280 :INFO :test_e2e :Sauce Labs Bolt T-Shirt
2022-06-24 12:17:25,296 :INFO :test_e2e :Sauce Labs Fleece Jacket
2022-06-24 12:17:25,313 :INFO :test_e2e :Sauce Labs Onesie
2022-06-24 12:17:25,327 :INFO :test_e2e :Test.allTheThings() T-Shirt (Red)
2022-06-24 12:17:25,451 :INFO :test_e2e :Customer's Personal Details
2022-06-24 12:17:25,847 :INFO :test_e2e :Text received from Application: Your order has been dispatched, and will arrive just as fast as the pony can get there!
2022-06-24 12:29:42,154 :INFO :test_e2e :Customer's login info
2022-06-24 12:29:42,593 :INFO :test_e2e :Sauce Labs Backpack
2022-06-24 12:29:42,711 :INFO :test_e2e :Sauce Labs Bike Light
2022-06-24 12:29:42,732 :INFO :test_e2e :Sauce Labs Bolt T-Shirt
2022-06-24 12:29:42,752 :INFO :test_e2e :Sauce Labs Fleece Jacket
2022-06-24 12:29:42,774 :INFO :test_e2e :Sauce Labs Onesie
2022-06-24 12:29:42,804 :INFO :test_e2e :Test.allTheThings() T-Shirt (Red)
2022-06-24 12:29:42,972 :INFO :test_e2e :Customer's Personal Details
2022-06-24 12:29:43,429 :INFO :test_e2e :Text received from Application: Your order has been dispatched, and will arrive just as fast as the pony can get there!
2022-06-24 12:30:05,192 :INFO :test_e2e :Customer's login info
2022-06-24 12:30:05,607 :INFO :test_e2e :Sauce Labs Backpack
2022-06-24 12:30:05,729 :INFO :test_e2e :Sauce Labs Bike Light
2022-06-24 12:30:05,746 :INFO :test_e2e :Sauce Labs Bolt T-Shirt
2022-06-24 12:30:05,768 :INFO :test_e2e :Sauce Labs Fleece Jacket
2022-06-24 12:30:05,788 :INFO :test_e2e :Sauce Labs Onesie
2022-06-24 12:30:05,810 :INFO :test_e2e :Test.allTheThings() T-Shirt (Red)
2022-06-24 12:30:05,957 :INFO :test_e2e :Customer's Personal Details
2022-06-24 12:30:06,438 :INFO :test_e2e :Text received from Application: Your order has been dispatched, and will arrive just as fast as the pony can get there!
2022-06-24 12:31:19,763 :INFO :test_e2e :Customer's login info
2022-06-24 12:31:20,157 :INFO :test_e2e :Sauce Labs Backpack
2022-06-24 12:31:20,255 :INFO :test_e2e :Sauce Labs Bike Light
2022-06-24 12:31:20,269 :INFO :test_e2e :Sauce Labs Bolt T-Shirt
2022-06-24 12:31:20,285 :INFO :test_e2e :Sauce Labs Fleece Jacket
2022-06-24 12:31:20,302 :INFO :test_e2e :Sauce Labs Onesie
2022-06-24 12:31:20,315 :INFO :test_e2e :Test.allTheThings() T-Shirt (Red)
2022-06-24 12:31:20,436 :INFO :test_e2e :Customer's Personal Details
2022-06-24 12:31:20,824 :INFO :test_e2e :Text received from Application: Your order has been dispatched, and will arrive just as fast as the pony can get there!
2022-06-24 12:34:26,938 :INFO :test_e2e :Customer's login info
2022-06-24 12:34:27,333 :INFO :test_e2e :Sauce Labs Backpack
2022-06-24 12:34:27,402 :INFO :test_e2e :Sauce Labs Bike Light
2022-06-24 12:34:27,418 :INFO :test_e2e :Sauce Labs Bolt T-Shirt
2022-06-24 12:34:27,431 :INFO :test_e2e :Sauce Labs Fleece Jacket
2022-06-24 12:34:27,450 :INFO :test_e2e :Sauce Labs Onesie
2022-06-24 12:34:27,466 :INFO :test_e2e :Test.allTheThings() T-Shirt (Red)
2022-06-24 12:34:27,592 :INFO :test_e2e :Customer's Personal Details
2022-06-24 12:34:27,991 :INFO :test_e2e :Text received from Application: Your order has been dispatched, and will arrive just as fast as the pony can get there!
2022-06-24 12:34:42,133 :INFO :test_e2e :Customer's login info
2022-06-24 12:34:42,665 :INFO :test_e2e :Sauce Labs Backpack
2022-06-24 12:34:42,764 :INFO :test_e2e :Sauce Labs Bike Light
2022-06-24 12:34:42,794 :INFO :test_e2e :Sauce Labs Bolt T-Shirt
2022-06-24 12:34:42,819 :INFO :test_e2e :Sauce Labs Fleece Jacket
2022-06-24 12:34:42,837 :INFO :test_e2e :Sauce Labs Onesie
2022-06-24 12:34:42,851 :INFO :test_e2e :Test.allTheThings() T-Shirt (Red)
2022-06-24 12:34:42,987 :INFO :test_e2e :Customer's Personal Details
2022-06-24 12:34:43,480 :INFO :test_e2e :Text received from Application: Your order has been dispatched, and will arrive just as fast as the pony can get there!
2022-06-24 12:37:02,260 :INFO :test_e2e :Customer's login info
2022-06-24 12:37:02,709 :INFO :test_e2e :Sauce Labs Backpack
2022-06-24 12:37:02,812 :INFO :test_e2e :Sauce Labs Bike Light
2022-06-24 12:37:02,827 :INFO :test_e2e :Sauce Labs Bolt T-Shirt
2022-06-24 12:37:02,842 :INFO :test_e2e :Sauce Labs Fleece Jacket
2022-06-24 12:37:02,857 :INFO :test_e2e :Sauce Labs Onesie
2022-06-24 12:37:02,871 :INFO :test_e2e :Test.allTheThings() T-Shirt (Red)
2022-06-24 12:37:03,023 :INFO :test_e2e :Customer's Personal Details
2022-06-24 12:37:03,412 :INFO :test_e2e :Text received from Application: Your order has been dispatched, and will arrive just as fast as the pony can get there!
2022-06-24 12:52:36,573 :INFO :test_e2e :Customer's login info
2022-06-24 12:52:37,023 :INFO :test_e2e :Sauce Labs Backpack
2022-06-24 12:52:37,117 :INFO :test_e2e :Sauce Labs Bike Light
2022-06-24 12:52:37,130 :INFO :test_e2e :Sauce Labs Bolt T-Shirt
2022-06-24 12:52:37,146 :INFO :test_e2e :Sauce Labs Fleece Jacket
2022-06-24 12:52:37,160 :INFO :test_e2e :Sauce Labs Onesie
2022-06-24 12:52:37,173 :INFO :test_e2e :Test.allTheThings() T-Shirt (Red)
2022-06-24 12:52:37,303 :INFO :test_e2e :Customer's Personal Details
2022-06-24 12:52:37,679 :INFO :test_e2e :Text received from Application: Your order has been dispatched, and will arrive just as fast as the pony can get there!
